c:\users\nathan\source\repos\av_portaudio\portaudio\build\msvc\x64\debug\portaudio.pdb
c:\users\nathan\source\repos\av_portaudio\portaudio\build\msvc\x64\debug\pa_win_waveformat.obj
c:\users\nathan\source\repos\av_portaudio\portaudio\build\msvc\x64\debug\pa_win_util.obj
c:\users\nathan\source\repos\av_portaudio\portaudio\build\msvc\x64\debug\pa_win_hostapis.obj
c:\users\nathan\source\repos\av_portaudio\portaudio\build\msvc\x64\debug\pa_win_coinitialize.obj
c:\users\nathan\source\repos\av_portaudio\portaudio\build\msvc\x64\debug\pa_win_wmme.obj
c:\users\nathan\source\repos\av_portaudio\portaudio\build\msvc\x64\debug\pa_win_wdmks.obj
c:\users\nathan\source\repos\av_portaudio\portaudio\build\msvc\x64\debug\pa_win_wasapi.obj
c:\users\nathan\source\repos\av_portaudio\portaudio\build\msvc\x64\debug\pa_hostapi_skeleton.obj
c:\users\nathan\source\repos\av_portaudio\portaudio\build\msvc\x64\debug\pa_win_ds_dynlink.obj
c:\users\nathan\source\repos\av_portaudio\portaudio\build\msvc\x64\debug\pa_win_ds.obj
c:\users\nathan\source\repos\av_portaudio\portaudio\build\msvc\x64\debug\pa_trace.obj
c:\users\nathan\source\repos\av_portaudio\portaudio\build\msvc\x64\debug\pa_stream.obj
c:\users\nathan\source\repos\av_portaudio\portaudio\build\msvc\x64\debug\pa_ringbuffer.obj
c:\users\nathan\source\repos\av_portaudio\portaudio\build\msvc\x64\debug\pa_process.obj
c:\users\nathan\source\repos\av_portaudio\portaudio\build\msvc\x64\debug\pa_front.obj
c:\users\nathan\source\repos\av_portaudio\portaudio\build\msvc\x64\debug\pa_dither.obj
c:\users\nathan\source\repos\av_portaudio\portaudio\build\msvc\x64\debug\pa_debugprint.obj
c:\users\nathan\source\repos\av_portaudio\portaudio\build\msvc\x64\debug\pa_cpuload.obj
c:\users\nathan\source\repos\av_portaudio\portaudio\build\msvc\x64\debug\pa_converters.obj
c:\users\nathan\source\repos\av_portaudio\portaudio\build\msvc\x64\debug\pa_allocation.obj
c:\users\nathan\source\repos\av_portaudio\portaudio\build\msvc\x64\debug\pa_x86_plain_converters.obj
c:\users\nathan\source\repos\av_portaudio\portaudio\build\msvc\x64\debug\pa_win_wdmks_utils.obj
c:\users\nathan\source\repos\av_portaudio\portaudio\build\msvc\x64\debug\pa_asio.obj
c:\users\nathan\source\repos\av_portaudio\portaudio\build\msvc\x64\debug\asiolist.obj
c:\users\nathan\source\repos\av_portaudio\portaudio\build\msvc\x64\debug\asiodrivers.obj
c:\users\nathan\source\repos\av_portaudio\portaudio\build\msvc\x64\debug\asio.obj
c:\users\nathan\source\repos\av_portaudio\portaudio\build\msvc\x64\debug\portaudio.lib
c:\users\nathan\source\repos\av_portaudio\portaudio\build\msvc\x64\debug\portaudio.tlog\cl.command.1.tlog
c:\users\nathan\source\repos\av_portaudio\portaudio\build\msvc\x64\debug\portaudio.tlog\cl.read.1.tlog
c:\users\nathan\source\repos\av_portaudio\portaudio\build\msvc\x64\debug\portaudio.tlog\cl.write.1.tlog
c:\users\nathan\source\repos\av_portaudio\portaudio\build\msvc\x64\debug\portaudio.tlog\lib-link.read.1.tlog
c:\users\nathan\source\repos\av_portaudio\portaudio\build\msvc\x64\debug\portaudio.tlog\lib-link.write.1.tlog
c:\users\nathan\source\repos\av_portaudio\portaudio\build\msvc\x64\debug\portaudio.tlog\lib.command.1.tlog
